#
# There is insufficient memory for the Java Runtime Environment to continue.
# Native memory allocation (malloc) failed to allocate 1048576 bytes for AllocateHeap
# Possible reasons:
#   The system is out of physical RAM or swap space
#   In 32 bit mode, the process size limit was hit
# Possible solutions:
#   Reduce memory load on the system
#   Increase physical memory or swap space
#   Check if swap backing store is full
#   Use 64 bit Java on a 64 bit OS
#   Decrease Java heap size (-Xmx/-Xms)
#   Decrease number of Java threads
#   Decrease Java thread stack sizes (-Xss)
#   Set larger code cache with -XX:ReservedCodeCacheSize=
# This output file may be truncated or incomplete.
#
#  Out of Memory Error (memory/allocation.inline.hpp:61), pid=6568, tid=10372
#
# JRE version:  (7.0_79-b15) (build )
# Java VM: Java HotSpot(TM) 64-Bit Server VM (24.79-b02 mixed mode windows-amd64 compressed oops)
# Failed to write core dump. Minidumps are not enabled by default on client versions of Windows
#

---------------  T H R E A D  ---------------

Current thread (0x00000000008ed800):  JavaThread "Unknown thread" [_thread_in_vm, id=10372, stack(0x0000000002030000,0x0000000002130000)]

Stack: [0x0000000002030000,0x0000000002130000]

---------------  P R O C E S S  ---------------

Java Threads: ( => current thread )

Other Threads:

=>0x00000000008ed800 (exited) JavaThread "Unknown thread" [_thread_in_vm, id=10372, stack(0x0000000002030000,0x0000000002130000)]

VM state:not at safepoint (normal execution)

VM Mutex/Monitor currently owned by a thread: None

Heap
 PSYoungGen      total 35840K, used 614K [0x00000000eaa80000, 0x00000000ed280000, 0x0000000100000000)
  eden space 30720K, 2% used [0x00000000eaa80000,0x00000000eab199f0,0x00000000ec880000)
  from space 5120K, 0% used [0x00000000ecd80000,0x00000000ecd80000,0x00000000ed280000)
  to   space 5120K, 0% used [0x00000000ec880000,0x00000000ec880000,0x00000000ecd80000)
 ParOldGen       total 81408K, used 0K [0x00000000c0000000, 0x00000000c4f80000, 0x00000000eaa80000)
  object space 81408K, 0% used [0x00000000c0000000,0x00000000c0000000,0x00000000c4f80000)
 PSPermGen       total 21504K, used 697K [0x00000000bae00000, 0x00000000bc300000, 0x00000000c0000000)
  object space 21504K, 3% used [0x00000000bae00000,0x00000000baeae588,0x00000000bc300000)

Card table byte_map: [0x0000000005340000,0x0000000005570000] byte_map_base: 0x0000000004d69000

Polling page: 0x0000000000810000

Code Cache  [0x0000000002280000, 0x00000000024f0000, 0x0000000005280000)
 total_blobs=37 nmethods=0 adapters=20 free_code_cache=48890Kb largest_free_block=50063104

Compilation events (0 events):
No events

GC Heap History (0 events):
No events

Deoptimization events (0 events):
No events

Internal exceptions (0 events):
No events

Events (10 events):
Event: 0.047 loading class 0x00000000021c64b0
Event: 0.047 loading class 0x00000000021c64b0 done
Event: 0.047 loading class 0x00000000021c6500
Event: 0.048 loading class 0x00000000021c6500 done
Event: 0.048 loading class 0x00000000021c6550
Event: 0.048 loading class 0x00000000021c6550 done
Event: 0.049 loading class 0x00000000021c72d0
Event: 0.050 loading class 0x00000000021c72d0 done
Event: 0.050 loading class 0x00000000021c6ef0
Event: 0.050 loading class 0x00000000021c6ef0 done


Dynamic libraries:
0x00007ff6e3e90000 - 0x00007ff6e3ec3000 	C:\Program Files\Java\jdk1.7.0_79\bin\java.exe
0x00007ffe39020000 - 0x00007ffe391e1000 	C:\WINDOWS\SYSTEM32\ntdll.dll
0x00007ffe36b30000 - 0x00007ffe36bdd000 	C:\WINDOWS\system32\KERNEL32.DLL
0x00007ffe36140000 - 0x00007ffe36328000 	C:\WINDOWS\system32\KERNELBASE.dll
0x00007ffe38de0000 - 0x00007ffe38e87000 	C:\WINDOWS\system32\ADVAPI32.dll
0x00007ffe38e90000 - 0x00007ffe38f2d000 	C:\WINDOWS\system32\msvcrt.dll
0x00007ffe38f30000 - 0x00007ffe38f8b000 	C:\WINDOWS\system32\sechost.dll
0x00007ffe38820000 - 0x00007ffe3893c000 	C:\WINDOWS\system32\RPCRT4.dll
0x00007ffe36bf0000 - 0x00007ffe36d46000 	C:\WINDOWS\system32\USER32.dll
0x00007ffe36f00000 - 0x00007ffe37086000 	C:\WINDOWS\system32\GDI32.dll
0x00007ffe264b0000 - 0x00007ffe26724000 	C:\WINDOWS\WinSxS\amd64_microsoft.windows.common-controls_6595b64144ccf1df_6.0.10586.0_none_8c15ae12515e1c22\COMCTL32.dll
0x00007ffe36800000 - 0x00007ffe36a7d000 	C:\WINDOWS\system32\combase.dll
0x00007ffe35e30000 - 0x00007ffe35e9a000 	C:\WINDOWS\system32\bcryptPrimitives.dll
0x00007ffe36af0000 - 0x00007ffe36b2b000 	C:\WINDOWS\system32\IMM32.DLL
0x0000000055ed0000 - 0x0000000055fa2000 	C:\Program Files\Java\jdk1.7.0_79\jre\bin\msvcr100.dll
0x0000000056390000 - 0x0000000056b65000 	C:\Program Files\Java\jdk1.7.0_79\jre\bin\server\jvm.dll
0x00007ffe36be0000 - 0x00007ffe36be8000 	C:\WINDOWS\system32\PSAPI.DLL
0x00007ffe32240000 - 0x00007ffe32249000 	C:\WINDOWS\SYSTEM32\WSOCK32.dll
0x00007ffe36a80000 - 0x00007ffe36aeb000 	C:\WINDOWS\system32\WS2_32.dll
0x00007ffe33890000 - 0x00007ffe338b3000 	C:\WINDOWS\SYSTEM32\WINMM.dll
0x00007ffe33860000 - 0x00007ffe3388c000 	C:\WINDOWS\SYSTEM32\WINMMBASE.dll
0x00007ffe35d20000 - 0x00007ffe35d63000 	C:\WINDOWS\system32\cfgmgr32.dll
0x0000000056380000 - 0x000000005638f000 	C:\Program Files\Java\jdk1.7.0_79\jre\bin\verify.dll
0x0000000056350000 - 0x0000000056378000 	C:\Program Files\Java\jdk1.7.0_79\jre\bin\java.dll
0x0000000056330000 - 0x0000000056345000 	C:\Program Files\Java\jdk1.7.0_79\jre\bin\zip.dll

VM Arguments:
jvm_args: -Djava.awt.headless=true -Xmx1024M -Dfile.encoding=windows-1252 -Duser.country=US -Duser.language=es -Duser.variant 
java_command: com.android.dx.command.Main --dex --num-threads=4 --output C:\AndroidStudio\MyApplication\app\build\intermediates\pre-dexed\debug\internal_impl-23.1.1_3643b328e6ccdcc89764f35a669a99b77e4038ed.jar C:\AndroidStudio\MyApplication\app\build\intermediates\exploded-aar\com.android.support\support-v4\23.1.1\jars\libs\internal_impl-23.1.1.jar
Launcher Type: SUN_STANDARD

Environment Variables:
PATH=C:\WINDOWS\system32;C:\WINDOWS;C:\WINDOWS\System32\Wbem;C:\WINDOWS\System32\WindowsPowerShell\v1.0\;C:\Program Files (x86)\ATI Technologies\ATI.ACE\Core-Static;C:\Program Files\Microsoft SQL Server\110\Tools\Binn\;C:\Program Files (x86)\Skype\Phone\
USERNAME=Arturo García Saiza
OS=Windows_NT
PROCESSOR_IDENTIFIER=AMD64 Family 18 Model 1 Stepping 0, AuthenticAMD



---------------  S Y S T E M  ---------------

OS: Windows 8.1 , 64 bit Build 9600 

CPU:total 4 (4 cores per cpu, 1 threads per core) family 18 model 1 stepping 0, cmov, cx8, fxsr, mmx, sse, sse2, sse3, popcnt, mmxext, 3dnowpref, lzcnt, sse4a, tsc, tscinvbit, tscinv

Memory: 4k page, physical 7841692k(1302860k free), swap 16332276k(6008k free)

vm_info: Java HotSpot(TM) 64-Bit Server VM (24.79-b02) for windows-amd64 JRE (1.7.0_79-b15), built on Apr 10 2015 12:36:16 by "java_re" with unknown MS VC++:1600

time: Thu Feb 04 12:28:19 2016
elapsed time: 0 seconds

