#
# There is insufficient memory for the Java Runtime Environment to continue.
# Native memory allocation (malloc) failed to allocate 578768 bytes for Chunk::new
# Possible reasons:
#   The system is out of physical RAM or swap space
#   In 32 bit mode, the process size limit was hit
# Possible solutions:
#   Reduce memory load on the system
#   Increase physical memory or swap space
#   Check if swap backing store is full
#   Use 64 bit Java on a 64 bit OS
#   Decrease Java heap size (-Xmx/-Xms)
#   Decrease number of Java threads
#   Decrease Java thread stack sizes (-Xss)
#   Set larger code cache with -XX:ReservedCodeCacheSize=
# This output file may be truncated or incomplete.
#
#  Out of Memory Error (allocation.cpp:323), pid=11312, tid=52280
#
# JRE version: Java(TM) SE Runtime Environment (7.0_79-b15) (build 1.7.0_79-b15)
# Java VM: Java HotSpot(TM) 64-Bit Server VM (24.79-b02 mixed mode windows-amd64 compressed oops)
# Failed to write core dump. Minidumps are not enabled by default on client versions of Windows
#

---------------  T H R E A D  ---------------

Current thread (0x0000000008153000):  JavaThread "C2 CompilerThread0" daemon [_thread_in_native, id=52280, stack(0x00000000096c0000,0x00000000097c0000)]

Stack: [0x00000000096c0000,0x00000000097c0000]

Current CompileTask:
C2:   6236  305   !         com.android.dx.cf.code.BytecodeArray::parseInstruction (2764 bytes)


---------------  P R O C E S S  ---------------

Java Threads: ( => current thread )
  0x0000000009bd5800 JavaThread "pool-1-thread-4" [_thread_blocked, id=52988, stack(0x000000000a2c0000,0x000000000a3c0000)]
  0x0000000009bd4800 JavaThread "pool-1-thread-3" [_thread_in_Java, id=51452, stack(0x000000000a1c0000,0x000000000a2c0000)]
  0x0000000009bd2000 JavaThread "pool-1-thread-2" [_thread_blocked, id=36944, stack(0x000000000a0c0000,0x000000000a1c0000)]
  0x0000000009bd1000 JavaThread "pool-2-thread-1" [_thread_blocked, id=53700, stack(0x0000000009fc0000,0x000000000a0c0000)]
  0x0000000009bd0800 JavaThread "pool-1-thread-1" [_thread_in_Java, id=52196, stack(0x0000000009ec0000,0x0000000009fc0000)]
  0x0000000008165000 JavaThread "Service Thread" daemon [_thread_blocked, id=12040, stack(0x00000000098c0000,0x00000000099c0000)]
  0x0000000008162800 JavaThread "C2 CompilerThread1" daemon [_thread_in_native, id=53356, stack(0x00000000097c0000,0x00000000098c0000)]
=>0x0000000008153000 JavaThread "C2 CompilerThread0" daemon [_thread_in_native, id=52280, stack(0x00000000096c0000,0x00000000097c0000)]
  0x0000000008152800 JavaThread "Attach Listener" daemon [_thread_blocked, id=52520, stack(0x00000000095c0000,0x00000000096c0000)]
  0x000000000814f000 JavaThread "Signal Dispatcher" daemon [_thread_blocked, id=51400, stack(0x00000000094c0000,0x00000000095c0000)]
  0x0000000008119000 JavaThread "Finalizer" daemon [_thread_blocked, id=12348, stack(0x00000000093c0000,0x00000000094c0000)]
  0x0000000008115800 JavaThread "Reference Handler" daemon [_thread_blocked, id=54048, stack(0x00000000092c0000,0x00000000093c0000)]
  0x000000000216d800 JavaThread "main" [_thread_blocked, id=53124, stack(0x0000000001fe0000,0x00000000020e0000)]

Other Threads:
  0x0000000008111800 VMThread [stack: 0x00000000091c0000,0x00000000092c0000] [id=46180]
  0x0000000008174000 WatcherThread [stack: 0x00000000099c0000,0x0000000009ac0000] [id=49804]

VM state:not at safepoint (normal execution)

VM Mutex/Monitor currently owned by a thread: None

Heap
 PSYoungGen      total 35840K, used 26833K [0x00000000eaa80000, 0x00000000ef080000, 0x0000000100000000)
  eden space 30720K, 70% used [0x00000000eaa80000,0x00000000ebfb82f0,0x00000000ec880000)
  from space 5120K, 99% used [0x00000000ec880000,0x00000000ecd7c3a0,0x00000000ecd80000)
  to   space 5120K, 0% used [0x00000000eeb80000,0x00000000eeb80000,0x00000000ef080000)
 ParOldGen       total 81408K, used 710K [0x00000000c0000000, 0x00000000c4f80000, 0x00000000eaa80000)
  object space 81408K, 0% used [0x00000000c0000000,0x00000000c00b18a8,0x00000000c4f80000)
 PSPermGen       total 21504K, used 5873K [0x00000000bae00000, 0x00000000bc300000, 0x00000000c0000000)
  object space 21504K, 27% used [0x00000000bae00000,0x00000000bb3bc6e0,0x00000000bc300000)

Card table byte_map: [0x0000000005380000,0x00000000055b0000] byte_map_base: 0x0000000004da9000

Polling page: 0x00000000004f0000

Code Cache  [0x00000000022c0000, 0x0000000002530000, 0x00000000052c0000)
 total_blobs=541 nmethods=305 adapters=189 free_code_cache=48027Kb largest_free_block=49146624

Compilation events (10 events):
Event: 5.702 Thread 0x0000000008162800 nmethod 302 0x00000000023c6650 code [0x00000000023c67a0, 0x00000000023c6918]
Event: 5.702 Thread 0x0000000008162800  303             com.android.dx.ssa.back.FirstFitLocalCombiningAllocator$1::processInsn (169 bytes)
Event: 5.703 Thread 0x0000000008153000 nmethod 301 0x00000000023da590 code [0x00000000023da800, 0x00000000023db1c0]
Event: 5.703 Thread 0x0000000008153000  304             com.android.dx.cf.code.ByteOps::opInfo (6 bytes)
Event: 5.704 Thread 0x0000000008153000 nmethod 304 0x00000000023c6450 code [0x00000000023c6580, 0x00000000023c65d8]
Event: 5.704 Thread 0x0000000008153000  305   !         com.android.dx.cf.code.BytecodeArray::parseInstruction (2764 bytes)
Event: 5.733 Thread 0x0000000008162800 nmethod 303 0x00000000023d8690 code [0x00000000023d8900, 0x00000000023d9440]
Event: 5.733 Thread 0x0000000008162800  306             com.android.dx.rop.code.BasicBlockList::getInstructionCount (48 bytes)
Event: 5.739 Thread 0x0000000008162800 nmethod 306 0x00000000023c3b90 code [0x00000000023c3ce0, 0x00000000023c3eb8]
Event: 5.739 Thread 0x0000000008162800  307             com.android.dx.ssa.LiteralOpUpgrader::access$000 (6 bytes)

GC Heap History (2 events):
Event: 3.279 GC heap before
{Heap before GC invocations=1 (full 0):
 PSYoungGen      total 35840K, used 30720K [0x00000000eaa80000, 0x00000000ed280000, 0x0000000100000000)
  eden space 30720K, 100% used [0x00000000eaa80000,0x00000000ec880000,0x00000000ec880000)
  from space 5120K, 0% used [0x00000000ecd80000,0x00000000ecd80000,0x00000000ed280000)
  to   space 5120K, 0% used [0x00000000ec880000,0x00000000ec880000,0x00000000ecd80000)
 ParOldGen       total 81408K, used 0K [0x00000000c0000000, 0x00000000c4f80000, 0x00000000eaa80000)
  object space 81408K, 0% used [0x00000000c0000000,0x00000000c0000000,0x00000000c4f80000)
 PSPermGen       total 21504K, used 5738K [0x00000000bae00000, 0x00000000bc300000, 0x00000000c0000000)
  object space 21504K, 26% used [0x00000000bae00000,0x00000000bb39aaa8,0x00000000bc300000)
Event: 3.666 GC heap after
Heap after GC invocations=1 (full 0):
 PSYoungGen      total 35840K, used 5104K [0x00000000eaa80000, 0x00000000ef080000, 0x0000000100000000)
  eden space 30720K, 0% used [0x00000000eaa80000,0x00000000eaa80000,0x00000000ec880000)
  from space 5120K, 99% used [0x00000000ec880000,0x00000000ecd7c3a0,0x00000000ecd80000)
  to   space 5120K, 0% used [0x00000000eeb80000,0x00000000eeb80000,0x00000000ef080000)
 ParOldGen       total 81408K, used 710K [0x00000000c0000000, 0x00000000c4f80000, 0x00000000eaa80000)
  object space 81408K, 0% used [0x00000000c0000000,0x00000000c00b18a8,0x00000000c4f80000)
 PSPermGen       total 21504K, used 5738K [0x00000000bae00000, 0x00000000bc300000, 0x00000000c0000000)
  object space 21504K, 26% used [0x00000000bae00000,0x00000000bb39aaa8,0x00000000bc300000)
}

Deoptimization events (5 events):
Event: 1.841 Thread 0x0000000009bd4800 Uncommon trap: reason=null_check action=make_not_entrant pc=0x0000000002345d14 method=com.android.dx.rop.code.LocalItem.equals(Ljava/lang/Object;)Z @ 1
Event: 2.177 Thread 0x0000000009bd2000 Uncommon trap: reason=unreached action=reinterpret pc=0x000000000234b104 method=com.android.dx.rop.cst.Constant.compareTo(Lcom/android/dx/rop/cst/Constant;)I @ 12
Event: 3.904 Thread 0x0000000009bd5800 Uncommon trap: reason=null_check action=make_not_entrant pc=0x000000000235e9c0 method=com.android.dx.rop.type.Type.equals(Ljava/lang/Object;)Z @ 8
Event: 4.366 Thread 0x000000000216d800 Uncommon trap: reason=null_check action=make_not_entrant pc=0x00000000023aad0c method=com.android.dx.rop.type.Type.putIntern(Lcom/android/dx/rop/type/Type;)Lcom/android/dx/rop/type/Type; @ 18
Event: 5.602 Thread 0x0000000009bd5800 Uncommon trap: reason=null_check action=make_not_entrant pc=0x00000000023cd6f4 method=com.android.dx.cf.code.Ropper$CatchInfo.getSetup(Lcom/android/dx/rop/type/Type;)Lcom/android/dx/cf/code/Ropper$ExceptionHandlerSetup; @ 10

Internal exceptions (10 events):
Event: 3.904 Thread 0x0000000009bd5800 Implicit null exception at 0x000000000235e912 to 0x000000000235e9b1
Event: 4.365 Thread 0x000000000216d800 Implicit null exception at 0x00000000023aa61b to 0x00000000023aacfd
Event: 4.393 Thread 0x000000000216d800 Threw 0x00000000eb3f52c8 at C:\re\jdk7u79\2331\hotspot\src\share\vm\prims\jvm.cpp:1304
Event: 4.755 Thread 0x000000000216d800 Threw 0x00000000eb3ff018 at C:\re\jdk7u79\2331\hotspot\src\share\vm\prims\jvm.cpp:1304
Event: 4.761 Thread 0x000000000216d800 Threw 0x00000000eb401468 at C:\re\jdk7u79\2331\hotspot\src\share\vm\prims\jvm.cpp:1304
Event: 5.121 Thread 0x000000000216d800 Threw 0x00000000eb414f00 at C:\re\jdk7u79\2331\hotspot\src\share\vm\prims\jvm.cpp:1304
Event: 5.122 Thread 0x000000000216d800 Threw 0x00000000eb41a710 at C:\re\jdk7u79\2331\hotspot\src\share\vm\prims\jvm.cpp:1304
Event: 5.124 Thread 0x000000000216d800 Threw 0x00000000eb41fca0 at C:\re\jdk7u79\2331\hotspot\src\share\vm\prims\jvm.cpp:1304
Event: 5.177 Thread 0x000000000216d800 Threw 0x00000000eb5bc340 at C:\re\jdk7u79\2331\hotspot\src\share\vm\prims\jvm.cpp:1304
Event: 5.602 Thread 0x0000000009bd5800 Implicit null exception at 0x00000000023cb8dd to 0x00000000023cd6e9

Events (10 events):
Event: 5.121 loading class 0x0000000009da8fc0 done
Event: 5.122 loading class 0x0000000009d789b0
Event: 5.122 loading class 0x0000000009d789b0 done
Event: 5.123 loading class 0x0000000009d78ff0
Event: 5.123 loading class 0x0000000009d78ff0 done
Event: 5.177 loading class 0x0000000009b027e0
Event: 5.177 loading class 0x0000000009b027e0 done
Event: 5.602 Thread 0x0000000009bd5800 Uncommon trap: trap_request=0xfffffff4 fr.pc=0x00000000023cd6f4
Event: 5.602 Thread 0x0000000009bd5800 DEOPT PACKING pc=0x00000000023cd6f4 sp=0x000000000a3befe0
Event: 5.602 Thread 0x0000000009bd5800 DEOPT UNPACKING pc=0x00000000022f9064 sp=0x000000000a3bef28 mode 2


Dynamic libraries:
0x00007ff6e3e90000 - 0x00007ff6e3ec3000 	C:\Program Files\Java\jdk1.7.0_79\bin\java.exe
0x00007ffe39020000 - 0x00007ffe391e1000 	C:\WINDOWS\SYSTEM32\ntdll.dll
0x00007ffe36b30000 - 0x00007ffe36bdd000 	C:\WINDOWS\system32\KERNEL32.DLL
0x00007ffe36140000 - 0x00007ffe36328000 	C:\WINDOWS\system32\KERNELBASE.dll
0x00007ffe38de0000 - 0x00007ffe38e87000 	C:\WINDOWS\system32\ADVAPI32.dll
0x00007ffe38e90000 - 0x00007ffe38f2d000 	C:\WINDOWS\system32\msvcrt.dll
0x00007ffe38f30000 - 0x00007ffe38f8b000 	C:\WINDOWS\system32\sechost.dll
0x00007ffe38820000 - 0x00007ffe3893c000 	C:\WINDOWS\system32\RPCRT4.dll
0x00007ffe36bf0000 - 0x00007ffe36d46000 	C:\WINDOWS\system32\USER32.dll
0x00007ffe36f00000 - 0x00007ffe37086000 	C:\WINDOWS\system32\GDI32.dll
0x00007ffe264b0000 - 0x00007ffe26724000 	C:\WINDOWS\WinSxS\amd64_microsoft.windows.common-controls_6595b64144ccf1df_6.0.10586.0_none_8c15ae12515e1c22\COMCTL32.dll
0x00007ffe36800000 - 0x00007ffe36a7d000 	C:\WINDOWS\system32\combase.dll
0x00007ffe35e30000 - 0x00007ffe35e9a000 	C:\WINDOWS\system32\bcryptPrimitives.dll
0x00007ffe36af0000 - 0x00007ffe36b2b000 	C:\WINDOWS\system32\IMM32.DLL
0x0000000055ed0000 - 0x0000000055fa2000 	C:\Program Files\Java\jdk1.7.0_79\jre\bin\msvcr100.dll
0x0000000056390000 - 0x0000000056b65000 	C:\Program Files\Java\jdk1.7.0_79\jre\bin\server\jvm.dll
0x00007ffe36be0000 - 0x00007ffe36be8000 	C:\WINDOWS\system32\PSAPI.DLL
0x00007ffe32240000 - 0x00007ffe32249000 	C:\WINDOWS\SYSTEM32\WSOCK32.dll
0x00007ffe36a80000 - 0x00007ffe36aeb000 	C:\WINDOWS\system32\WS2_32.dll
0x00007ffe33890000 - 0x00007ffe338b3000 	C:\WINDOWS\SYSTEM32\WINMM.dll
0x00007ffe33860000 - 0x00007ffe3388c000 	C:\WINDOWS\SYSTEM32\WINMMBASE.dll
0x00007ffe35d20000 - 0x00007ffe35d63000 	C:\WINDOWS\system32\cfgmgr32.dll
0x0000000056380000 - 0x000000005638f000 	C:\Program Files\Java\jdk1.7.0_79\jre\bin\verify.dll
0x0000000056350000 - 0x0000000056378000 	C:\Program Files\Java\jdk1.7.0_79\jre\bin\java.dll
0x0000000056330000 - 0x0000000056345000 	C:\Program Files\Java\jdk1.7.0_79\jre\bin\zip.dll
0x0000000056310000 - 0x000000005632a000 	C:\Program Files\Java\jdk1.7.0_79\jre\bin\net.dll
0x00007ffe34f70000 - 0x00007ffe34fcc000 	C:\WINDOWS\system32\mswsock.dll
0x00000000562f0000 - 0x0000000056301000 	C:\Program Files\Java\jdk1.7.0_79\jre\bin\nio.dll

VM Arguments:
jvm_args: -Djava.awt.headless=true -Xmx1024M -Dfile.encoding=windows-1252 -Duser.country=US -Duser.language=es -Duser.variant 
java_command: com.android.dx.command.Main --dex --num-threads=4 --output C:\AndroidStudio\MyApplication\app\build\intermediates\pre-dexed\debug\internal_impl-23.1.1_3643b328e6ccdcc89764f35a669a99b77e4038ed.jar C:\AndroidStudio\MyApplication\app\build\intermediates\exploded-aar\com.android.support\support-v4\23.1.1\jars\libs\internal_impl-23.1.1.jar
Launcher Type: SUN_STANDARD

Environment Variables:
PATH=C:\WINDOWS\system32;C:\WINDOWS;C:\WINDOWS\System32\Wbem;C:\WINDOWS\System32\WindowsPowerShell\v1.0\;C:\Program Files (x86)\ATI Technologies\ATI.ACE\Core-Static;C:\Program Files\Microsoft SQL Server\110\Tools\Binn\;C:\Program Files (x86)\Skype\Phone\
USERNAME=Arturo García Saiza
OS=Windows_NT
PROCESSOR_IDENTIFIER=AMD64 Family 18 Model 1 Stepping 0, AuthenticAMD



---------------  S Y S T E M  ---------------

OS: Windows 8.1 , 64 bit Build 9600 

CPU:total 4 (4 cores per cpu, 1 threads per core) family 18 model 1 stepping 0, cmov, cx8, fxsr, mmx, sse, sse2, sse3, popcnt, mmxext, 3dnowpref, lzcnt, sse4a, tsc, tscinvbit, tscinv

Memory: 4k page, physical 7841692k(1178672k free), swap 16332276k(6808k free)

vm_info: Java HotSpot(TM) 64-Bit Server VM (24.79-b02) for windows-amd64 JRE (1.7.0_79-b15), built on Apr 10 2015 12:36:16 by "java_re" with unknown MS VC++:1600

time: Thu Feb 04 12:34:09 2016
elapsed time: 6 seconds

