#
# There is insufficient memory for the Java Runtime Environment to continue.
# Native memory allocation (malloc) failed to allocate 1050704 bytes for Chunk::new
# Possible reasons:
#   The system is out of physical RAM or swap space
#   In 32 bit mode, the process size limit was hit
# Possible solutions:
#   Reduce memory load on the system
#   Increase physical memory or swap space
#   Check if swap backing store is full
#   Use 64 bit Java on a 64 bit OS
#   Decrease Java heap size (-Xmx/-Xms)
#   Decrease number of Java threads
#   Decrease Java thread stack sizes (-Xss)
#   Set larger code cache with -XX:ReservedCodeCacheSize=
# This output file may be truncated or incomplete.
#
#  Out of Memory Error (allocation.cpp:323), pid=51608, tid=49840
#
# JRE version: Java(TM) SE Runtime Environment (7.0_79-b15) (build 1.7.0_79-b15)
# Java VM: Java HotSpot(TM) 64-Bit Server VM (24.79-b02 mixed mode windows-amd64 compressed oops)
# Failed to write core dump. Minidumps are not enabled by default on client versions of Windows
#

---------------  T H R E A D  ---------------

Current thread (0x000000000824e000):  JavaThread "C2 CompilerThread1" daemon [_thread_in_native, id=49840, stack(0x00000000098c0000,0x00000000099c0000)]

Stack: [0x00000000098c0000,0x00000000099c0000]

Current CompileTask:
C2:   6207  262             com.android.dx.ssa.SsaMethod::forEachBlockDepthFirstDom (128 bytes)


---------------  P R O C E S S  ---------------

Java Threads: ( => current thread )
  0x0000000009e1f800 JavaThread "pool-1-thread-4" [_thread_in_Java, id=51160, stack(0x000000000a3c0000,0x000000000a4c0000)]
  0x0000000009ed7000 JavaThread "pool-1-thread-3" [_thread_in_Java, id=52156, stack(0x000000000a2c0000,0x000000000a3c0000)]
  0x0000000009ed6000 JavaThread "pool-1-thread-2" [_thread_in_Java, id=9328, stack(0x000000000a1c0000,0x000000000a2c0000)]
  0x0000000009c49000 JavaThread "pool-2-thread-1" [_thread_blocked, id=53004, stack(0x000000000a0c0000,0x000000000a1c0000)]
  0x0000000009c45000 JavaThread "pool-1-thread-1" [_thread_in_Java, id=53200, stack(0x0000000009fc0000,0x000000000a0c0000)]
  0x0000000008251000 JavaThread "Service Thread" daemon [_thread_blocked, id=54172, stack(0x00000000099c0000,0x0000000009ac0000)]
=>0x000000000824e000 JavaThread "C2 CompilerThread1" daemon [_thread_in_native, id=49840, stack(0x00000000098c0000,0x00000000099c0000)]
  0x0000000008244000 JavaThread "C2 CompilerThread0" daemon [_thread_in_native, id=43396, stack(0x00000000097c0000,0x00000000098c0000)]
  0x0000000008243000 JavaThread "Attach Listener" daemon [_thread_blocked, id=6192, stack(0x00000000096c0000,0x00000000097c0000)]
  0x0000000008240000 JavaThread "Signal Dispatcher" daemon [_thread_blocked, id=43632, stack(0x00000000095c0000,0x00000000096c0000)]
  0x0000000008209000 JavaThread "Finalizer" daemon [_thread_blocked, id=51936, stack(0x00000000094c0000,0x00000000095c0000)]
  0x0000000008205800 JavaThread "Reference Handler" daemon [_thread_blocked, id=49192, stack(0x00000000093c0000,0x00000000094c0000)]
  0x00000000022ad800 JavaThread "main" [_thread_in_Java, id=32540, stack(0x0000000002110000,0x0000000002210000)]

Other Threads:
  0x0000000008201800 VMThread [stack: 0x00000000092c0000,0x00000000093c0000] [id=52788]
  0x000000000825f800 WatcherThread [stack: 0x0000000009ac0000,0x0000000009bc0000] [id=51204]

VM state:not at safepoint (normal execution)

VM Mutex/Monitor currently owned by a thread: None

Heap
 PSYoungGen      total 35840K, used 23565K [0x00000000eaa80000, 0x00000000ef080000, 0x0000000100000000)
  eden space 30720K, 60% used [0x00000000eaa80000,0x00000000ebc858f0,0x00000000ec880000)
  from space 5120K, 99% used [0x00000000ec880000,0x00000000ecd7dbb8,0x00000000ecd80000)
  to   space 5120K, 0% used [0x00000000eeb80000,0x00000000eeb80000,0x00000000ef080000)
 ParOldGen       total 81408K, used 849K [0x00000000c0000000, 0x00000000c4f80000, 0x00000000eaa80000)
  object space 81408K, 1% used [0x00000000c0000000,0x00000000c00d44b8,0x00000000c4f80000)
 PSPermGen       total 21504K, used 5881K [0x00000000bae00000, 0x00000000bc300000, 0x00000000c0000000)
  object space 21504K, 27% used [0x00000000bae00000,0x00000000bb3be6b0,0x00000000bc300000)

Card table byte_map: [0x0000000005470000,0x00000000056a0000] byte_map_base: 0x0000000004e99000

Polling page: 0x0000000002040000

Code Cache  [0x00000000023b0000, 0x0000000002620000, 0x00000000053b0000)
 total_blobs=526 nmethods=290 adapters=189 free_code_cache=48028Kb largest_free_block=49151680

Compilation events (10 events):
Event: 6.136 Thread 0x0000000008244000 nmethod 287 0x00000000024adb50 code [0x00000000024adca0, 0x00000000024ade58]
Event: 6.136 Thread 0x0000000008244000  288             com.android.dx.rop.code.BasicBlockList::getInstructionCount (48 bytes)
Event: 6.141 Thread 0x0000000008244000 nmethod 288 0x00000000024b0510 code [0x00000000024b0660, 0x00000000024b0838]
Event: 6.141 Thread 0x0000000008244000  289             com.android.dx.ssa.SsaRenamer$BlockRenamer::updateSuccessorPhis (64 bytes)
Event: 6.162 Thread 0x0000000008244000 nmethod 289 0x00000000024c2150 code [0x00000000024c22e0, 0x00000000024c2a28]
Event: 6.162 Thread 0x0000000008244000  290             com.android.dx.ssa.SsaBasicBlock::getRopLabelSuccessorList (57 bytes)
Event: 6.182 Thread 0x0000000008244000 nmethod 290 0x00000000024cf210 code [0x00000000024cf3a0, 0x00000000024cfad8]
Event: 6.182 Thread 0x0000000008244000  291             java.util.AbstractSet::<init> (5 bytes)
Event: 6.183 Thread 0x0000000008244000 nmethod 291 0x00000000024acd50 code [0x00000000024ace80, 0x00000000024aced8]
Event: 6.183 Thread 0x0000000008244000  292             com.android.dx.ssa.Dominators::compress (229 bytes)

GC Heap History (2 events):
Event: 4.011 GC heap before
{Heap before GC invocations=1 (full 0):
 PSYoungGen      total 35840K, used 30720K [0x00000000eaa80000, 0x00000000ed280000, 0x0000000100000000)
  eden space 30720K, 100% used [0x00000000eaa80000,0x00000000ec880000,0x00000000ec880000)
  from space 5120K, 0% used [0x00000000ecd80000,0x00000000ecd80000,0x00000000ed280000)
  to   space 5120K, 0% used [0x00000000ec880000,0x00000000ec880000,0x00000000ecd80000)
 ParOldGen       total 81408K, used 0K [0x00000000c0000000, 0x00000000c4f80000, 0x00000000eaa80000)
  object space 81408K, 0% used [0x00000000c0000000,0x00000000c0000000,0x00000000c4f80000)
 PSPermGen       total 21504K, used 5788K [0x00000000bae00000, 0x00000000bc300000, 0x00000000c0000000)
  object space 21504K, 26% used [0x00000000bae00000,0x00000000bb3a70d0,0x00000000bc300000)
Event: 4.391 GC heap after
Heap after GC invocations=1 (full 0):
 PSYoungGen      total 35840K, used 5110K [0x00000000eaa80000, 0x00000000ef080000, 0x0000000100000000)
  eden space 30720K, 0% used [0x00000000eaa80000,0x00000000eaa80000,0x00000000ec880000)
  from space 5120K, 99% used [0x00000000ec880000,0x00000000ecd7dbb8,0x00000000ecd80000)
  to   space 5120K, 0% used [0x00000000eeb80000,0x00000000eeb80000,0x00000000ef080000)
 ParOldGen       total 81408K, used 849K [0x00000000c0000000, 0x00000000c4f80000, 0x00000000eaa80000)
  object space 81408K, 1% used [0x00000000c0000000,0x00000000c00d44b8,0x00000000c4f80000)
 PSPermGen       total 21504K, used 5788K [0x00000000bae00000, 0x00000000bc300000, 0x00000000c0000000)
  object space 21504K, 26% used [0x00000000bae00000,0x00000000bb3a70d0,0x00000000bc300000)
}

Deoptimization events (9 events):
Event: 2.307 Thread 0x0000000009e1f800 Uncommon trap: reason=null_check action=make_not_entrant pc=0x0000000002434db8 method=com.android.dx.rop.code.LocalItem.equals(Ljava/lang/Object;)Z @ 1
Event: 4.556 Thread 0x00000000022ad800 Uncommon trap: reason=null_check action=make_not_entrant pc=0x0000000002459c64 method=com.android.dx.rop.type.Type.putIntern(Lcom/android/dx/rop/type/Type;)Lcom/android/dx/rop/type/Type; @ 18
Event: 4.593 Thread 0x0000000009ed6000 Uncommon trap: reason=unreached action=reinterpret pc=0x000000000246d7c4 method=com.android.dx.ssa.SsaRenamer$BlockRenamer.process()V @ 90
Event: 5.039 Thread 0x0000000009ed6000 Uncommon trap: reason=class_check action=maybe_recompile pc=0x0000000002483248 method=java.util.HashMap.put(Ljava/lang/Object;Ljava/lang/Object;)Ljava/lang/Object; @ 83
Event: 5.063 Thread 0x0000000009ed6000 Uncommon trap: reason=class_check action=maybe_recompile pc=0x0000000002483248 method=java.util.HashMap.put(Ljava/lang/Object;Ljava/lang/Object;)Ljava/lang/Object; @ 83
Event: 5.063 Thread 0x0000000009ed6000 Uncommon trap: reason=class_check action=maybe_recompile pc=0x0000000002483248 method=java.util.HashMap.put(Ljava/lang/Object;Ljava/lang/Object;)Ljava/lang/Object; @ 83
Event: 5.063 Thread 0x0000000009ed6000 Uncommon trap: reason=class_check action=maybe_recompile pc=0x0000000002483248 method=java.util.HashMap.put(Ljava/lang/Object;Ljava/lang/Object;)Ljava/lang/Object; @ 83
Event: 5.463 Thread 0x0000000009ed7000 Uncommon trap: reason=unreached action=reinterpret pc=0x000000000248c924 method=com.android.dx.rop.code.LocalVariableExtractor.processBlock(I)V @ 195
Event: 6.005 Thread 0x0000000009ed6000 Uncommon trap: reason=unreached action=reinterpret pc=0x000000000248b1b8 method=com.android.dx.util.LabeledList.set(ILcom/android/dx/util/LabeledItem;)V @ 16

Internal exceptions (10 events):
Event: 1.645 Thread 0x0000000009c45000 Threw 0x00000000eb5d5dd8 at C:\re\jdk7u79\2331\hotspot\src\share\vm\prims\jvm.cpp:1304
Event: 1.674 Thread 0x00000000022ad800 Threw 0x00000000eb93bde8 at C:\re\jdk7u79\2331\hotspot\src\share\vm\prims\jvm.cpp:1304
Event: 1.692 Thread 0x00000000022ad800 Threw 0x00000000eb9420e8 at C:\re\jdk7u79\2331\hotspot\src\share\vm\prims\jvm.cpp:1304
Event: 2.051 Thread 0x0000000009ed6000 Threw 0x00000000eba3d928 at C:\re\jdk7u79\2331\hotspot\src\share\vm\prims\jvm.cpp:1304
Event: 2.235 Thread 0x0000000009c45000 Threw 0x00000000eba25df8 at C:\re\jdk7u79\2331\hotspot\src\share\vm\prims\jvm.cpp:1304
Event: 2.307 Thread 0x0000000009e1f800 Implicit null exception at 0x0000000002434b33 to 0x0000000002434da5
Event: 2.963 Thread 0x0000000009ed6000 Threw 0x00000000ec16d9a8 at C:\re\jdk7u79\2331\hotspot\src\share\vm\prims\jvm.cpp:1304
Event: 3.009 Thread 0x0000000009e1f800 Threw 0x00000000ec29ca20 at C:\re\jdk7u79\2331\hotspot\src\share\vm\prims\jvm.cpp:1304
Event: 4.556 Thread 0x00000000022ad800 Implicit null exception at 0x0000000002459577 to 0x0000000002459c55
Event: 5.523 Thread 0x00000000022ad800 Threw 0x00000000eb67f008 at C:\re\jdk7u79\2331\hotspot\src\share\vm\prims\jvm.cpp:1304

Events (10 events):
Event: 5.063 Thread 0x0000000009ed6000 DEOPT PACKING pc=0x0000000002483248 sp=0x000000000a2bea00
Event: 5.063 Thread 0x0000000009ed6000 DEOPT UNPACKING pc=0x00000000023e9064 sp=0x000000000a2be9a8 mode 2
Event: 5.463 Thread 0x0000000009ed7000 Uncommon trap: trap_request=0xffffffad fr.pc=0x000000000248c924
Event: 5.463 Thread 0x0000000009ed7000 DEOPT PACKING pc=0x000000000248c924 sp=0x000000000a3bebc0
Event: 5.463 Thread 0x0000000009ed7000 DEOPT UNPACKING pc=0x00000000023e9064 sp=0x000000000a3beb60 mode 2
Event: 5.523 loading class 0x0000000009c02420
Event: 5.523 loading class 0x0000000009c02420 done
Event: 6.005 Thread 0x0000000009ed6000 Uncommon trap: trap_request=0xffffffad fr.pc=0x000000000248b1b8
Event: 6.005 Thread 0x0000000009ed6000 DEOPT PACKING pc=0x000000000248b1b8 sp=0x000000000a2be9e0
Event: 6.005 Thread 0x0000000009ed6000 DEOPT UNPACKING pc=0x00000000023e9064 sp=0x000000000a2be9a0 mode 2


Dynamic libraries:
0x00007ff6e3e90000 - 0x00007ff6e3ec3000 	C:\Program Files\Java\jdk1.7.0_79\bin\java.exe
0x00007ffe39020000 - 0x00007ffe391e1000 	C:\WINDOWS\SYSTEM32\ntdll.dll
0x00007ffe36b30000 - 0x00007ffe36bdd000 	C:\WINDOWS\system32\KERNEL32.DLL
0x00007ffe36140000 - 0x00007ffe36328000 	C:\WINDOWS\system32\KERNELBASE.dll
0x00007ffe38de0000 - 0x00007ffe38e87000 	C:\WINDOWS\system32\ADVAPI32.dll
0x00007ffe38e90000 - 0x00007ffe38f2d000 	C:\WINDOWS\system32\msvcrt.dll
0x00007ffe38f30000 - 0x00007ffe38f8b000 	C:\WINDOWS\system32\sechost.dll
0x00007ffe38820000 - 0x00007ffe3893c000 	C:\WINDOWS\system32\RPCRT4.dll
0x00007ffe36bf0000 - 0x00007ffe36d46000 	C:\WINDOWS\system32\USER32.dll
0x00007ffe36f00000 - 0x00007ffe37086000 	C:\WINDOWS\system32\GDI32.dll
0x00007ffe264b0000 - 0x00007ffe26724000 	C:\WINDOWS\WinSxS\amd64_microsoft.windows.common-controls_6595b64144ccf1df_6.0.10586.0_none_8c15ae12515e1c22\COMCTL32.dll
0x00007ffe36800000 - 0x00007ffe36a7d000 	C:\WINDOWS\system32\combase.dll
0x00007ffe35e30000 - 0x00007ffe35e9a000 	C:\WINDOWS\system32\bcryptPrimitives.dll
0x00007ffe36af0000 - 0x00007ffe36b2b000 	C:\WINDOWS\system32\IMM32.DLL
0x0000000055ed0000 - 0x0000000055fa2000 	C:\Program Files\Java\jdk1.7.0_79\jre\bin\msvcr100.dll
0x0000000056390000 - 0x0000000056b65000 	C:\Program Files\Java\jdk1.7.0_79\jre\bin\server\jvm.dll
0x00007ffe36be0000 - 0x00007ffe36be8000 	C:\WINDOWS\system32\PSAPI.DLL
0x00007ffe32240000 - 0x00007ffe32249000 	C:\WINDOWS\SYSTEM32\WSOCK32.dll
0x00007ffe36a80000 - 0x00007ffe36aeb000 	C:\WINDOWS\system32\WS2_32.dll
0x00007ffe33890000 - 0x00007ffe338b3000 	C:\WINDOWS\SYSTEM32\WINMM.dll
0x00007ffe33860000 - 0x00007ffe3388c000 	C:\WINDOWS\SYSTEM32\WINMMBASE.dll
0x00007ffe35d20000 - 0x00007ffe35d63000 	C:\WINDOWS\system32\cfgmgr32.dll
0x0000000056380000 - 0x000000005638f000 	C:\Program Files\Java\jdk1.7.0_79\jre\bin\verify.dll
0x0000000056350000 - 0x0000000056378000 	C:\Program Files\Java\jdk1.7.0_79\jre\bin\java.dll
0x0000000056330000 - 0x0000000056345000 	C:\Program Files\Java\jdk1.7.0_79\jre\bin\zip.dll
0x0000000056310000 - 0x000000005632a000 	C:\Program Files\Java\jdk1.7.0_79\jre\bin\net.dll
0x00007ffe34f70000 - 0x00007ffe34fcc000 	C:\WINDOWS\system32\mswsock.dll
0x00000000562f0000 - 0x0000000056301000 	C:\Program Files\Java\jdk1.7.0_79\jre\bin\nio.dll

VM Arguments:
jvm_args: -Djava.awt.headless=true -Xmx1024M -Dfile.encoding=windows-1252 -Duser.country=US -Duser.language=es -Duser.variant 
java_command: com.android.dx.command.Main --dex --num-threads=4 --output C:\AndroidStudio\MyApplication\app\build\intermediates\pre-dexed\debug\com.android.support-appcompat-v7-23.1.1_06e3ff3bb383b6b4e52f255fc9c273f3941a062e.jar C:\AndroidStudio\MyApplication\app\build\intermediates\exploded-aar\com.android.support\appcompat-v7\23.1.1\jars\classes.jar
Launcher Type: SUN_STANDARD

Environment Variables:
PATH=C:\WINDOWS\system32;C:\WINDOWS;C:\WINDOWS\System32\Wbem;C:\WINDOWS\System32\WindowsPowerShell\v1.0\;C:\Program Files (x86)\ATI Technologies\ATI.ACE\Core-Static;C:\Program Files\Microsoft SQL Server\110\Tools\Binn\;C:\Program Files (x86)\Skype\Phone\
USERNAME=Arturo García Saiza
OS=Windows_NT
PROCESSOR_IDENTIFIER=AMD64 Family 18 Model 1 Stepping 0, AuthenticAMD



---------------  S Y S T E M  ---------------

OS: Windows 8.1 , 64 bit Build 9600 

CPU:total 4 (4 cores per cpu, 1 threads per core) family 18 model 1 stepping 0, cmov, cx8, fxsr, mmx, sse, sse2, sse3, popcnt, mmxext, 3dnowpref, lzcnt, sse4a, tsc, tscinvbit, tscinv

Memory: 4k page, physical 7841692k(1177860k free), swap 16332276k(6144k free)

vm_info: Java HotSpot(TM) 64-Bit Server VM (24.79-b02) for windows-amd64 JRE (1.7.0_79-b15), built on Apr 10 2015 12:36:16 by "java_re" with unknown MS VC++:1600

time: Thu Feb 04 12:34:09 2016
elapsed time: 6 seconds

